c:\users\eyalp\source\repos\thunderbirds-game\game\x64\debug\vc143.pdb
c:\users\eyalp\source\repos\thunderbirds-game\game\x64\debug\vc143.idb
c:\users\eyalp\source\repos\thunderbirds-game\game\x64\debug\utils.obj
c:\users\eyalp\source\repos\thunderbirds-game\game\x64\debug\singlegame.obj
c:\users\eyalp\source\repos\thunderbirds-game\game\x64\debug\ship.obj
c:\users\eyalp\source\repos\thunderbirds-game\game\x64\debug\point.obj
c:\users\eyalp\source\repos\thunderbirds-game\game\x64\debug\main.obj
c:\users\eyalp\source\repos\thunderbirds-game\game\x64\debug\horizontalghost.obj
c:\users\eyalp\source\repos\thunderbirds-game\game\x64\debug\ghost.obj
c:\users\eyalp\source\repos\thunderbirds-game\game\x64\debug\gamescreen.obj
c:\users\eyalp\source\repos\thunderbirds-game\game\x64\debug\game.obj
c:\users\eyalp\source\repos\thunderbirds-game\game\x64\debug\color.obj
c:\users\eyalp\source\repos\thunderbirds-game\game\x64\debug\board.obj
c:\users\eyalp\source\repos\thunderbirds-game\game\x64\debug\block.obj
c:\users\eyalp\source\repos\thunderbirds-game\game\x64\debug\thunderbirds.pdb
c:\users\eyalp\source\repos\thunderbirds-game\game\x64\debug\thunderbirds.tlog\cl.command.1.tlog
c:\users\eyalp\source\repos\thunderbirds-game\game\x64\debug\thunderbirds.tlog\cl.read.1.tlog
c:\users\eyalp\source\repos\thunderbirds-game\game\x64\debug\thunderbirds.tlog\cl.write.1.tlog
c:\users\eyalp\source\repos\thunderbirds-game\game\x64\debug\thunderbirds.tlog\link-cvtres.read.1.tlog
c:\users\eyalp\source\repos\thunderbirds-game\game\x64\debug\thunderbirds.tlog\link-cvtres.write.1.tlog
c:\users\eyalp\source\repos\thunderbirds-game\game\x64\debug\thunderbirds.tlog\link-rc.read.1.tlog
c:\users\eyalp\source\repos\thunderbirds-game\game\x64\debug\thunderbirds.tlog\link-rc.write.1.tlog
c:\users\eyalp\source\repos\thunderbirds-game\game\x64\debug\thunderbirds.tlog\link.11388-cvtres.read.1.tlog
c:\users\eyalp\source\repos\thunderbirds-game\game\x64\debug\thunderbirds.tlog\link.11388-cvtres.write.1.tlog
c:\users\eyalp\source\repos\thunderbirds-game\game\x64\debug\thunderbirds.tlog\link.11388-rc.read.1.tlog
c:\users\eyalp\source\repos\thunderbirds-game\game\x64\debug\thunderbirds.tlog\link.11388-rc.write.1.tlog
c:\users\eyalp\source\repos\thunderbirds-game\game\x64\debug\thunderbirds.tlog\link.11388.read.1.tlog
c:\users\eyalp\source\repos\thunderbirds-game\game\x64\debug\thunderbirds.tlog\link.11388.read.2.tlog
c:\users\eyalp\source\repos\thunderbirds-game\game\x64\debug\thunderbirds.tlog\link.11388.write.1.tlog
c:\users\eyalp\source\repos\thunderbirds-game\game\x64\debug\thunderbirds.tlog\link.command.1.tlog
c:\users\eyalp\source\repos\thunderbirds-game\game\x64\debug\thunderbirds.tlog\link.read.1.tlog
c:\users\eyalp\source\repos\thunderbirds-game\game\x64\debug\thunderbirds.tlog\link.read.2.tlog
c:\users\eyalp\source\repos\thunderbirds-game\game\x64\debug\thunderbirds.tlog\link.write.1.tlog
