c:\users\eyalp\source\repos\thunderbirds-game\game\project1\debug\vc143.pdb
c:\users\eyalp\source\repos\thunderbirds-game\game\project1\debug\vc143.idb
c:\users\eyalp\source\repos\thunderbirds-game\game\project1\debug\main.obj
c:\users\eyalp\source\repos\thunderbirds-game\game\project1\debug\game.obj
c:\users\eyalp\source\repos\thunderbirds-game\game\project1\debug\timer.obj
c:\users\eyalp\source\repos\thunderbirds-game\game\project1\debug\legend.obj
c:\users\eyalp\source\repos\thunderbirds-game\game\project1\debug\utils.obj
c:\users\eyalp\source\repos\thunderbirds-game\game\debug\project1.exe
c:\users\eyalp\source\repos\thunderbirds-game\game\project1\debug\project1.ilk
c:\users\eyalp\source\repos\thunderbirds-game\game\debug\project1.pdb
c:\users\eyalp\source\repos\thunderbirds-game\game\project1\debug\block.obj
c:\users\eyalp\source\repos\thunderbirds-game\game\project1\debug\board.obj
c:\users\eyalp\source\repos\thunderbirds-game\game\project1\debug\point.obj
c:\users\eyalp\source\repos\thunderbirds-game\game\project1\debug\ship.obj
c:\users\eyalp\source\repos\thunderbirds-game\game\project1\debug\project1.tlog\cl.command.1.tlog
c:\users\eyalp\source\repos\thunderbirds-game\game\project1\debug\project1.tlog\cl.read.1.tlog
c:\users\eyalp\source\repos\thunderbirds-game\game\project1\debug\project1.tlog\cl.write.1.tlog
c:\users\eyalp\source\repos\thunderbirds-game\game\project1\debug\project1.tlog\link.command.1.tlog
c:\users\eyalp\source\repos\thunderbirds-game\game\project1\debug\project1.tlog\link.read.1.tlog
c:\users\eyalp\source\repos\thunderbirds-game\game\project1\debug\project1.tlog\link.write.1.tlog
