  Block.cpp
C:\Users\eyalp\source\repos\Thunderbirds-Game\game\Project1\Block.cpp(20,20): warning C4018: '<': signed/unsigned mismatch
C:\Users\eyalp\source\repos\Thunderbirds-Game\game\Project1\Block.cpp(27,20): warning C4018: '<': signed/unsigned mismatch
C:\Users\eyalp\source\repos\Thunderbirds-Game\game\Project1\Block.cpp(32,20): warning C4018: '<': signed/unsigned mismatch
  Board.cpp
C:\Users\eyalp\source\repos\Thunderbirds-Game\game\Project1\Board.cpp(12,50): warning C4018: '<': signed/unsigned mismatch
C:\Users\eyalp\source\repos\Thunderbirds-Game\game\Project1\Board.cpp(14,69): warning C4018: '<': signed/unsigned mismatch
  Game.cpp
C:\Users\eyalp\source\repos\Thunderbirds-Game\game\Project1\Game.cpp(69,1): error C2280: 'std::basic_ifstream<char,std::char_traits<char>>::basic_ifstream(const std::basic_ifstream<char,std::char_traits<char>> &)': attempting to reference a deleted function
C:\Program Files\Microsoft Visual Studio\2022\Community\VC\Tools\MSVC\14.30.30705\include\fstream(880): message : see declaration of 'std::basic_ifstream<char,std::char_traits<char>>::basic_ifstream'
C:\Program Files\Microsoft Visual Studio\2022\Community\VC\Tools\MSVC\14.30.30705\include\fstream(880,5): message : 'std::basic_ifstream<char,std::char_traits<char>>::basic_ifstream(const std::basic_ifstream<char,std::char_traits<char>> &)': function was explicitly deleted
  Legend.cpp
  main.cpp
  Point.cpp
  Ship.cpp
C:\Users\eyalp\source\repos\Thunderbirds-Game\game\Project1\Ship.cpp(22,21): warning C4018: '<': signed/unsigned mismatch
C:\Users\eyalp\source\repos\Thunderbirds-Game\game\Project1\Ship.cpp(30,20): warning C4018: '<': signed/unsigned mismatch
C:\Users\eyalp\source\repos\Thunderbirds-Game\game\Project1\Ship.cpp(35,20): warning C4018: '<': signed/unsigned mismatch
  Timer.cpp
  Utils.cpp
  Generating Code...
